Unity Editor version:    2021.3.1f1 (3b70a0754835)
Branch:                  2021.3/staging
Build type:              Release
Batch mode:              YES
macOS version:           Version 10.14.6 (Build 18G9323)
Darwin version:          18.7.0
Architecture:            x86_64
Running under Rosetta:   NO
Available memory:        32768 MB
Using pre-set license
Pro License: YES

COMMAND LINE ARGUMENTS:
/goinfre/rtoast/UnityInstalls/2021.3.1f1/Unity.app/Contents/MacOS/Unity
-adb2
-batchMode
-noUpm
-name
AssetImportWorker0
-projectPath
/goinfre/rtoast/UnityProjects/hell
-logFile
Logs/AssetImportWorker0.log
-srvPort
55275
Successfully changed project path to: /goinfre/rtoast/UnityProjects/hell
/goinfre/rtoast/UnityProjects/hell
[UnityMemory] Configuration Parameters - Can be set up in boot.config
    "memorysetup-bucket-allocator-granularity=16"
    "memorysetup-bucket-allocator-bucket-count=8"
    "memorysetup-bucket-allocator-block-size=33554432"
    "memorysetup-bucket-allocator-block-count=8"
    "memorysetup-main-allocator-block-size=16777216"
    "memorysetup-thread-allocator-block-size=16777216"
    "memorysetup-gfx-main-allocator-block-size=16777216"
    "memorysetup-gfx-thread-allocator-block-size=16777216"
    "memorysetup-cache-allocator-block-size=4194304"
    "memorysetup-typetree-allocator-block-size=2097152"
    "memorysetup-profiler-bucket-allocator-granularity=16"
    "memorysetup-profiler-bucket-allocator-bucket-count=8"
    "memorysetup-profiler-bucket-allocator-block-size=33554432"
    "memorysetup-profiler-bucket-allocator-block-count=8"
    "memorysetup-profiler-allocator-block-size=16777216"
    "memorysetup-profiler-editor-allocator-block-size=1048576"
    "memorysetup-temp-allocator-size-main=16777216"
    "memorysetup-job-temp-allocator-block-size=2097152"
    "memorysetup-job-temp-allocator-block-size-background=1048576"
    "memorysetup-job-temp-allocator-reduction-small-platforms=262144"
    "memorysetup-temp-allocator-size-background-worker=32768"
    "memorysetup-temp-allocator-size-job-worker=262144"
    "memorysetup-temp-allocator-size-preload-manager=33554432"
    "memorysetup-temp-allocator-size-nav-mesh-worker=65536"
    "memorysetup-temp-allocator-size-audio-worker=65536"
    "memorysetup-temp-allocator-size-cloud-worker=32768"
    "memorysetup-temp-allocator-size-gi-baking-worker=262144"
    "memorysetup-temp-allocator-size-gfx=262144"
Refreshing native plugins compatible for Editor in 84.96 ms, found 2 plugins.
Preloading 0 native plugins for Editor in 0.00 ms.
Initialize engine version: 2021.3.1f1 (3b70a0754835)
[Subsystems] Discovering subsystems at path /goinfre/rtoast/UnityInstalls/2021.3.1f1/Unity.app/Contents/Resources/UnitySubsystems
[Subsystems] Discovering subsystems at path /goinfre/rtoast/UnityProjects/hell/Assets
GfxDevice: creating device client; threaded=0; jobified=0
iMac preferred device: AMD Radeon Pro 570X (high power)
Metal devices available: 1
0: AMD Radeon Pro 570X (high power)
Using device AMD Radeon Pro 570X (high power)
Initializing Metal device caps: AMD Radeon Pro 570X
Initialize mono
Mono path[0] = '/goinfre/rtoast/UnityInstalls/2021.3.1f1/Unity.app/Contents/Managed'
Mono path[1] = '/goinfre/rtoast/UnityInstalls/2021.3.1f1/Unity.app/Contents/MonoBleedingEdge/lib/mono/unityjit-macos'
Mono config path = '/goinfre/rtoast/UnityInstalls/2021.3.1f1/Unity.app/Contents/MonoBleedingEdge/etc'
Using monoOptions --debugger-agent=transport=dt_socket,embedding=1,server=y,suspend=n,address=127.0.0.1:56764
Begin MonoManager ReloadAssembly
Registering precompiled unity dll's ...
Register platform support module: /goinfre/rtoast/UnityInstalls/2021.3.1f1/PlaybackEngines/WebGLSupport/UnityEditor.WebGL.Extensions.dll
Register platform support module: /goinfre/rtoast/UnityInstalls/2021.3.1f1/Unity.app/Contents/PlaybackEngines/MacStandaloneSupport/UnityEditor.OSXStandalone.Extensions.dll
Registered in 0.000668 seconds.
Native extension for OSXStandalone target not found
Native extension for WebGL target not found
Refreshing native plugins compatible for Editor in 82.92 ms, found 2 plugins.
Preloading 0 native plugins for Editor in 0.00 ms.
Mono: successfully reloaded assembly
- Completed reload, in  0.695 seconds
Domain Reload Profiling:
	ReloadAssembly (696ms)
		BeginReloadAssembly (54ms)
			ExecutionOrderSort (0ms)
			DisableScriptedObjects (0ms)
			BackupInstance (0ms)
			ReleaseScriptingObjects (0ms)
			CreateAndSetChildDomain (1ms)
		EndReloadAssembly (514ms)
			LoadAssemblies (54ms)
			RebuildTransferFunctionScriptingTraits (0ms)
			SetupTypeCache (134ms)
			ReleaseScriptCaches (0ms)
			RebuildScriptCaches (34ms)
			SetupLoadedEditorAssemblies (293ms)
				LogAssemblyErrors (0ms)
				InitializePlatformSupportModulesInManaged (7ms)
				SetLoadedEditorAssemblies (0ms)
				RefreshPlugins (83ms)
				BeforeProcessingInitializeOnLoad (2ms)
				ProcessInitializeOnLoadAttributes (152ms)
				ProcessInitializeOnLoadMethodAttributes (48ms)
				AfterProcessingInitializeOnLoad (0ms)
				EditorAssembliesLoaded (0ms)
			ExecutionOrderSort2 (0ms)
			AwakeInstancesAfterBackupRestoration (0ms)
Platform modules already initialized, skipping
Registering precompiled user dll's ...
Registered in 0.001429 seconds.
Begin MonoManager ReloadAssembly
Symbol file LoadedFromMemory doesn't match image /goinfre/rtoast/UnityProjects/hell/Library/PackageCache/com.unity.visualscripting@1.7.6/Editor/VisualScripting.Core/Dependencies/YamlDotNet/Unity.VisualScripting.YamlDotNet.dll
Symbol file LoadedFromMemory is not a mono symbol file
Symbol file LoadedFromMemory doesn't match image /goinfre/rtoast/UnityProjects/hell/Library/PackageCache/com.unity.visualscripting@1.7.6/Editor/VisualScripting.Core/Dependencies/DotNetZip/Unity.VisualScripting.IonicZip.dll
Native extension for OSXStandalone target not found
Native extension for WebGL target not found
Refreshing native plugins compatible for Editor in 0.47 ms, found 2 plugins.
Preloading 0 native plugins for Editor in 0.00 ms.
Mono: successfully reloaded assembly
- Completed reload, in  1.070 seconds
Domain Reload Profiling:
	ReloadAssembly (1071ms)
		BeginReloadAssembly (103ms)
			ExecutionOrderSort (0ms)
			DisableScriptedObjects (7ms)
			BackupInstance (0ms)
			ReleaseScriptingObjects (0ms)
			CreateAndSetChildDomain (27ms)
		EndReloadAssembly (838ms)
			LoadAssemblies (66ms)
			RebuildTransferFunctionScriptingTraits (0ms)
			SetupTypeCache (310ms)
			ReleaseScriptCaches (1ms)
			RebuildScriptCaches (58ms)
			SetupLoadedEditorAssemblies (348ms)
				LogAssemblyErrors (0ms)
				InitializePlatformSupportModulesInManaged (5ms)
				SetLoadedEditorAssemblies (1ms)
				RefreshPlugins (0ms)
				BeforeProcessingInitializeOnLoad (75ms)
				ProcessInitializeOnLoadAttributes (241ms)
				ProcessInitializeOnLoadMethodAttributes (25ms)
				AfterProcessingInitializeOnLoad (1ms)
				EditorAssembliesLoaded (0ms)
			ExecutionOrderSort2 (0ms)
			AwakeInstancesAfterBackupRestoration (4ms)
Platform modules already initialized, skipping
========================================================================
Worker process is ready to serve import requests
Launching external process: /goinfre/rtoast/UnityInstalls/2021.3.1f1/Unity.app/Contents/Tools/UnityShaderCompiler
Launched and connected shader compiler UnityShaderCompiler after 0.01 seconds
Refreshing native plugins compatible for Editor in 0.46 ms, found 2 plugins.
Preloading 0 native plugins for Editor in 0.00 ms.
Unloading 3227 Unused Serialized files (Serialized files now loaded: 0)
Unloading 23 unused Assets / (96.3 KB). Loaded Objects now: 3699.
Memory consumption went from 248.7 MB to 248.6 MB.
Total: 3.057697 ms (FindLiveObjects: 0.242997 ms CreateObjectMapping: 0.182584 ms MarkObjects: 2.508593 ms  DeleteObjects: 0.122518 ms)

AssetImportParameters requested are different than current active one (requested -> active):
  custom:video-decoder-ogg-theora: a1e56fd34408186e4bbccfd4996cb3dc -> 
  custom:container-muxer-webm: aa71ff27fc2769a1b78a27578f13a17b -> 
  custom:container-demuxer-webm: 4f35f7cbe854078d1ac9338744f61a02 -> 
  custom:video-encoder-webm-vp8: eb34c28f22e8b96e1ab97ce403110664 -> 
  custom:framework-osx-AVFoundation: b23960f63f64bdc6ff669e2cdcee2391 -> 
  custom:audio-encoder-webm-vorbis: bf7c407c2cedff20999df2af8eb42d56 -> 
  custom:container-demuxer-ogg: 62fdf1f143b41e24485cea50d1cbac27 -> 
  custom:video-decoder-webm-vp8: 9c59270c3fd7afecdb556c50c9e8de78 -> 
  custom:audio-decoder-ogg-vorbis: bf7c407c2cedff20999df2af8eb42d56 -> 
========================================================================
Received Import Request.
  Time since last request: 13384.321068 seconds.
  path: Assets/elephant.obj
  artifactKey: Guid(096e38156b28342968037fa29ffe5d66) Importer(815301076,1909f56bfc062723c751e8b465ee728b)
Start importing Assets/elephant.obj using Guid(096e38156b28342968037fa29ffe5d66) Importer(815301076,1909f56bfc062723c751e8b465ee728b)  -> (artifact id: '341cab716761f1206e6e0b878d017b1a') in 0.599010 seconds 
========================================================================
Received Import Request.
  Time since last request: 5.501590 seconds.
  path: Assets/objects/warehouse-building/Materials/blackout.mat
  artifactKey: Guid(49cac4f577f4a438993a210f6895a5ad) Importer(815301076,1909f56bfc062723c751e8b465ee728b)
Start importing Assets/objects/warehouse-building/Materials/blackout.mat using Guid(49cac4f577f4a438993a210f6895a5ad) Importer(815301076,1909f56bfc062723c751e8b465ee728b)  -> (artifact id: '929ae2a5acf3e0672036b0079d007cde') in 0.302603 seconds 
========================================================================
Received Import Request.
  Time since last request: 0.000054 seconds.
  path: Assets/objects/warehouse-building/Materials/Block01_smoothness.mat
  artifactKey: Guid(64e7c3a3c208242a99f24782d998dc5e) Importer(815301076,1909f56bfc062723c751e8b465ee728b)
Start importing Assets/objects/warehouse-building/Materials/Block01_smoothness.mat using Guid(64e7c3a3c208242a99f24782d998dc5e) Importer(815301076,1909f56bfc062723c751e8b465ee728b)  -> (artifact id: 'ced11383eaeeb55ac2da8f31d24eddf2') in 0.010476 seconds 
========================================================================
Received Import Request.
  Time since last request: 0.000062 seconds.
  path: Assets/objects/warehouse-building/Materials/Cement02.mat
  artifactKey: Guid(63c7f8e64032b4f9ab3c0f062b0bd812) Importer(815301076,1909f56bfc062723c751e8b465ee728b)
Start importing Assets/objects/warehouse-building/Materials/Cement02.mat using Guid(63c7f8e64032b4f9ab3c0f062b0bd812) Importer(815301076,1909f56bfc062723c751e8b465ee728b)  -> (artifact id: '89bed435830eafa08c3fc0d16ccd780b') in 0.030861 seconds 
========================================================================
Received Import Request.
  Time since last request: 0.000068 seconds.
  path: Assets/objects/warehouse-building/Materials/Block01_diffuse.mat
  artifactKey: Guid(e517214c798fd43c1a3ffd6ef99fa490) Importer(815301076,1909f56bfc062723c751e8b465ee728b)
Start importing Assets/objects/warehouse-building/Materials/Block01_diffuse.mat using Guid(e517214c798fd43c1a3ffd6ef99fa490) Importer(815301076,1909f56bfc062723c751e8b465ee728b)  -> (artifact id: '8d9cecaf02bee2b7ca1816e929dce9c0') in 0.008753 seconds 
========================================================================
Received Import Request.
  Time since last request: 0.778563 seconds.
  path: Assets/objects/warehouse-building/Materials/Cement_Normal.mat
  artifactKey: Guid(026e9f0ae20014e229c91c8840189a2e) Importer(815301076,1909f56bfc062723c751e8b465ee728b)
Start importing Assets/objects/warehouse-building/Materials/Cement_Normal.mat using Guid(026e9f0ae20014e229c91c8840189a2e) Importer(815301076,1909f56bfc062723c751e8b465ee728b)  -> (artifact id: '76f873cef2df93cb762653a5dfe371dc') in 0.019592 seconds 
========================================================================
Received Import Request.
  Time since last request: 0.000050 seconds.
  path: Assets/objects/warehouse-building/Materials/Cement_Roughness.mat
  artifactKey: Guid(ed6951ee480884e098d80e6556d7221e) Importer(815301076,1909f56bfc062723c751e8b465ee728b)
Start importing Assets/objects/warehouse-building/Materials/Cement_Roughness.mat using Guid(ed6951ee480884e098d80e6556d7221e) Importer(815301076,1909f56bfc062723c751e8b465ee728b)  -> (artifact id: '7c02c184db7f61970e11285287a86761') in 0.045748 seconds 
========================================================================
Received Import Request.
  Time since last request: 0.477613 seconds.
  path: Assets/objects/warehouse-building/Materials/Door.mat
  artifactKey: Guid(5472c4fcc15bf452f8936491de431349) Importer(815301076,1909f56bfc062723c751e8b465ee728b)
Start importing Assets/objects/warehouse-building/Materials/Door.mat using Guid(5472c4fcc15bf452f8936491de431349) Importer(815301076,1909f56bfc062723c751e8b465ee728b)  -> (artifact id: '615c2a6a3617d515c4807491fec08f4b') in 0.008016 seconds 
========================================================================
Received Import Request.
  Time since last request: 0.684393 seconds.
  path: Assets/objects/warehouse-building/Materials/Glass.mat
  artifactKey: Guid(f5f74290894c04561b1aa2218d58c7c2) Importer(815301076,1909f56bfc062723c751e8b465ee728b)
Start importing Assets/objects/warehouse-building/Materials/Glass.mat using Guid(f5f74290894c04561b1aa2218d58c7c2) Importer(815301076,1909f56bfc062723c751e8b465ee728b)  -> (artifact id: '0405e17c6fbb906b9314b6464396fedd') in 0.013192 seconds 
========================================================================
Received Import Request.
  Time since last request: 0.040309 seconds.
  path: Assets/objects/warehouse-building/Materials/Glass_Roughness.mat
  artifactKey: Guid(79f2a5639d859441fbbec91bfae66391) Importer(815301076,1909f56bfc062723c751e8b465ee728b)
Start importing Assets/objects/warehouse-building/Materials/Glass_Roughness.mat using Guid(79f2a5639d859441fbbec91bfae66391) Importer(815301076,1909f56bfc062723c751e8b465ee728b)  -> (artifact id: '1701c56f3c87c067900536fbe48d78b1') in 0.026930 seconds 
========================================================================
Received Import Request.
  Time since last request: 0.620519 seconds.
  path: Assets/objects/warehouse-building/Materials/Metal21-basecolor.mat
  artifactKey: Guid(3a727db85ab3c4f33a11b43dca940b6f) Importer(815301076,1909f56bfc062723c751e8b465ee728b)
Start importing Assets/objects/warehouse-building/Materials/Metal21-basecolor.mat using Guid(3a727db85ab3c4f33a11b43dca940b6f) Importer(815301076,1909f56bfc062723c751e8b465ee728b)  -> (artifact id: 'ed3b5351f821bb825687b0c746c4aad9') in 0.011194 seconds 
========================================================================
Received Import Request.
  Time since last request: 0.047977 seconds.
  path: Assets/objects/warehouse-building/Materials/Metal21-metallic.mat
  artifactKey: Guid(cf978c931960d4188a4688af67b82c78) Importer(815301076,1909f56bfc062723c751e8b465ee728b)
Start importing Assets/objects/warehouse-building/Materials/Metal21-metallic.mat using Guid(cf978c931960d4188a4688af67b82c78) Importer(815301076,1909f56bfc062723c751e8b465ee728b)  -> (artifact id: '7ae3467ceee16d3b10da8c4b752484f8') in 0.026196 seconds 
========================================================================
Received Import Request.
  Time since last request: 0.029314 seconds.
  path: Assets/objects/warehouse-building/Materials/Metal21-roughness.mat
  artifactKey: Guid(f4bd4ed867a1843e6b87124468387175) Importer(815301076,1909f56bfc062723c751e8b465ee728b)
Start importing Assets/objects/warehouse-building/Materials/Metal21-roughness.mat using Guid(f4bd4ed867a1843e6b87124468387175) Importer(815301076,1909f56bfc062723c751e8b465ee728b)  -> (artifact id: 'd7e0dc6be99b0ec16ea34bde4a000ff8') in 0.022506 seconds 
========================================================================
Received Import Request.
  Time since last request: 3.616410 seconds.
  path: Assets/objects/warehouse-building/Materials/SheetMetal.mat
  artifactKey: Guid(cfed3f497ccbc47eaaa5c7cf96c1c7c8) Importer(815301076,1909f56bfc062723c751e8b465ee728b)
Start importing Assets/objects/warehouse-building/Materials/SheetMetal.mat using Guid(cfed3f497ccbc47eaaa5c7cf96c1c7c8) Importer(815301076,1909f56bfc062723c751e8b465ee728b)  -> (artifact id: '53b0e4bcf8538d6ce3c27433108b8bd4') in 0.013906 seconds 
========================================================================
Received Import Request.
  Time since last request: 23.329381 seconds.
  path: Assets/elephant.obj
  artifactKey: Guid(096e38156b28342968037fa29ffe5d66) Importer(815301076,1909f56bfc062723c751e8b465ee728b)
Start importing Assets/elephant.obj using Guid(096e38156b28342968037fa29ffe5d66) Importer(815301076,1909f56bfc062723c751e8b465ee728b)  -> (artifact id: 'baac1ca49ee0fe2053a8d632087d078a') in 0.058927 seconds 
2022-05-21 20:03:24.428 Unity[91764:798651] +[NSXPCSharedListener endpointForReply:withListenerName:]: an error occurred while attempting to obtain endpoint for listener 'ClientCallsAuxiliary': Connection invalid
2022-05-21 20:03:24.759 Unity[91764:746438] HIToolbox: received notification of WindowServer event port death.
2022-05-21 20:03:24.759 Unity[91764:746438] port matched the WindowServer port created in BindCGSToRunLoop
